<?xml version="1.0" encoding="UTF-8" ?>
<testsuite tests="7" failures="0" name="com.tsi.training.rahman.mohammed.minesweeper.GridTest" time="0.016" errors="0" skipped="0">
  <properties>
    <property name="java.runtime.name" value="Java(TM) SE Runtime Environment"/>
    <property name="java.vm.version" value="17.0.1+12-LTS-39"/>
    <property name="sun.boot.library.path" value="C:\Program Files\Java\jdk-17.0.1\bin"/>
    <property name="maven.multiModuleProjectDirectory" value="C:/Users/Zahidur/Desktop/The Software Institute/Day 12 (23_11_21)/Minesweeper"/>
    <property name="java.vm.vendor" value="Oracle Corporation"/>
    <property name="java.vendor.url" value="https://java.oracle.com/"/>
    <property name="guice.disable.misplaced.annotation.check" value="true"/>
    <property name="path.separator" value=";"/>
    <property name="java.vm.name" value="Java HotSpot(TM) 64-Bit Server VM"/>
    <property name="sun.os.patch.level" value=""/>
    <property name="user.script" value=""/>
    <property name="user.country" value="GB"/>
    <property name="sun.java.launcher" value="SUN_STANDARD"/>
    <property name="java.vm.specification.name" value="Java Virtual Machine Specification"/>
    <property name="user.dir" value="C:\Users\Zahidur\Desktop\The Software Institute\Day 12 (23_11_21)\Minesweeper"/>
    <property name="java.vm.compressedOopsMode" value="32-bit"/>
    <property name="java.runtime.version" value="17.0.1+12-LTS-39"/>
    <property name="os.arch" value="amd64"/>
    <property name="java.io.tmpdir" value="C:\Users\Zahidur\AppData\Local\Temp\"/>
    <property name="line.separator" value="
"/>
    <property name="java.vm.specification.vendor" value="Oracle Corporation"/>
    <property name="user.variant" value=""/>
    <property name="os.name" value="Windows 10"/>
    <property name="classworlds.conf" value="C:/Program Files/Java/apache-maven-3.8.3/bin/m2.conf"/>
    <property name="sun.jnu.encoding" value="Cp1252"/>
    <property name="java.library.path" value="C:\Program Files\Java\jdk-17.0.1\bin;C:\Windows\Sun\Java\bin;C:\Windows\system32;C:\Windows;C:\Users\Zahidur\bin;C:\Program Files\Git\mingw64\bin;C:\Program Files\Git\usr\local\bin;C:\Program Files\Git\usr\bin;C:\Program Files\Git\usr\bin;C:\Program Files\Git\mingw64\bin;C:\Program Files\Git\usr\bin;C:\Users\Zahidur\bin;C:\Program Files\Common Files\Oracle\Java\javapath;C:\Program Files\Microsoft MPI\Bin;C:\Windows\system32;C:\Windows;C:\Windows\System32\Wbem;C:\Windows\System32\WindowsPowerShell\v1.0;C:\Windows\System32\OpenSSH;C:\Program Files (x86)\NVIDIA Corporation\PhysX\Common;C:\Program Files\dotnet;C:\Program Files\Microsoft SQL Server\130\Tools\Binn;C:\Program Files\Microsoft SQL Server\Client SDK\ODBC\170\Tools\Binn;C:\Program Files\nodejs;C:\Program Files\Git\cmd;C:\Users\Zahidur\AppData\Local\Programs\Python\Python38\Scripts;C:\Users\Zahidur\AppData\Local\Programs\Python\Python38;C:\Users\Zahidur\AppData\Local\Microsoft\WindowsApps;C:\Users\Zahidur\.dotnet\tools;C:\Users\Zahidur\AppData\Local\atom\bin;C:\Users\Zahidur\AppData\Local\Programs\Microsoft VS Code\bin;C:\Users\Zahidur\AppData\Roaming\npm;C:\texlive\2021\bin\win32;C:\Program Files\Java\jdk-17.0.1\bin;C:\Program Files\Java\apache-maven-3.8.3\bin;C:\Program Files\Git\usr\bin\vendor_perl;C:\Program Files\Git\usr\bin\core_perl;."/>
    <property name="maven.conf" value="C:/Program Files/Java/apache-maven-3.8.3/conf"/>
    <property name="jdk.debug" value="release"/>
    <property name="java.class.version" value="61.0"/>
    <property name="java.specification.name" value="Java Platform API Specification"/>
    <property name="sun.management.compiler" value="HotSpot 64-Bit Tiered Compilers"/>
    <property name="os.version" value="10.0"/>
    <property name="library.jansi.path" value="C:/Program Files/Java/apache-maven-3.8.3/lib/jansi-native"/>
    <property name="user.home" value="C:\Users\Zahidur"/>
    <property name="user.timezone" value="Europe/London"/>
    <property name="file.encoding" value="Cp1252"/>
    <property name="java.specification.version" value="17"/>
    <property name="user.name" value="Zahidur"/>
    <property name="java.class.path" value="C:/Program Files/Java/apache-maven-3.8.3/boot/plexus-classworlds-2.6.0.jar"/>
    <property name="java.vm.specification.version" value="17"/>
    <property name="sun.arch.data.model" value="64"/>
    <property name="sun.java.command" value="org.codehaus.plexus.classworlds.launcher.Launcher clean test"/>
    <property name="java.home" value="C:\Program Files\Java\jdk-17.0.1"/>
    <property name="user.language" value="en"/>
    <property name="java.specification.vendor" value="Oracle Corporation"/>
    <property name="java.vm.info" value="mixed mode, sharing"/>
    <property name="java.version" value="17.0.1"/>
    <property name="native.encoding" value="Cp1252"/>
    <property name="java.vendor" value="Oracle Corporation"/>
    <property name="sun.stderr.encoding" value="cp437"/>
    <property name="maven.home" value="C:\Program Files\Java\apache-maven-3.8.3"/>
    <property name="file.separator" value="\"/>
    <property name="java.version.date" value="2021-10-19"/>
    <property name="java.vendor.url.bug" value="https://bugreport.java.com/bugreport/"/>
    <property name="sun.io.unicode.encoding" value="UnicodeLittle"/>
    <property name="sun.cpu.endian" value="little"/>
    <property name="sun.stdout.encoding" value="cp437"/>
    <property name="sun.cpu.isalist" value="amd64"/>
  </properties>
  <testcase classname="com.tsi.training.rahman.mohammed.minesweeper.GridTest" name="com.tsi.training.rahman.mohammed.minesweeper.GridTest.testSetSize" time="0.016"/>
  <testcase classname="com.tsi.training.rahman.mohammed.minesweeper.GridTest" name="com.tsi.training.rahman.mohammed.minesweeper.GridTest.testGetTotalBombs" time="0"/>
  <testcase classname="com.tsi.training.rahman.mohammed.minesweeper.GridTest" name="com.tsi.training.rahman.mohammed.minesweeper.GridTest.testSetTotalBombs" time="0"/>
  <testcase classname="com.tsi.training.rahman.mohammed.minesweeper.GridTest" name="com.tsi.training.rahman.mohammed.minesweeper.GridTest.testGetSize" time="0"/>
  <testcase classname="com.tsi.training.rahman.mohammed.minesweeper.GridTest" name="com.tsi.training.rahman.mohammed.minesweeper.GridTest.testGetCoordinates" time="0"/>
  <testcase classname="com.tsi.training.rahman.mohammed.minesweeper.GridTest" name="com.tsi.training.rahman.mohammed.minesweeper.GridTest.testGetBombIndices" time="0"/>
  <testcase classname="com.tsi.training.rahman.mohammed.minesweeper.GridTest" name="com.tsi.training.rahman.mohammed.minesweeper.GridTest.testInBounds" time="0"/>
</testsuite>